<?xml version="1.0" encoding="UTF-8"?>
<testsuite xmlns:xsi="http://www.w3.org/2001/XMLSchema-instance" xsi:noNamespaceSchemaLocation="https://maven.apache.org/surefire/maven-surefire-plugin/xsd/surefire-test-report-3.0.xsd" version="3.0" name="es.etg.psp.red.calculadora.ServidorTest" time="0.055" tests="4" errors="0" skipped="0" failures="0">
  <properties>
[...]
</properties>
  <testcase name="restarTest" classname="es.etg.psp.red.calculadora.ServidorTest" time="0.035"/>
  <testcase name="dividirTest" classname="es.etg.psp.red.calculadora.ServidorTest" time="0.004"/>
  <testcase name="multiplicarTest" classname="es.etg.psp.red.calculadora.ServidorTest" time="0.004"/>
  <testcase name="sumarTest" classname="es.etg.psp.red.calculadora.ServidorTest" time="0.004"/>
</testsuite>